2017-09-17 14:48:11,538 - Log4JLogChute initialized using file 'velocity.log'
2017-09-17 14:48:11,538 - Velocity was not initialized! Calling init()...
2017-09-17 14:48:11,538 - Starting Apache Velocity v1.5 (compiled: 2007-02-22 08:52:29)
2017-09-17 14:48:11,538 - Default Properties File: org/apache/velocity/runtime/defaults/velocity.properties
2017-09-17 14:48:11,538 - Trying to use logger class org.apache.velocity.runtime.log.AvalonLogChute
2017-09-17 14:48:11,540 - Couldn't find class org.apache.velocity.runtime.log.AvalonLogChute or necessary supporting classes in classpath.
java.lang.NoClassDefFoundError: org/apache/log/format/Formatter
	at java.lang.Class.forName0(Native Method)
	at java.lang.Class.forName(Class.java:348)
	at org.apache.velocity.util.ClassUtils.getClass(ClassUtils.java:63)
	at org.apache.velocity.util.ClassUtils.getNewInstance(ClassUtils.java:95)
	at org.apache.velocity.runtime.log.LogManager.createLogChute(LogManager.java:147)
	at org.apache.velocity.runtime.log.LogManager.updateLog(LogManager.java:208)
	at org.apache.velocity.runtime.RuntimeInstance.initializeLog(RuntimeInstance.java:728)
	at org.apache.velocity.runtime.RuntimeInstance.init(RuntimeInstance.java:240)
	at org.apache.velocity.runtime.RuntimeInstance.parse(RuntimeInstance.java:993)
	at org.apache.velocity.runtime.RuntimeInstance.parse(RuntimeInstance.java:972)
	at org.apache.velocity.runtime.RuntimeSingleton.parse(RuntimeSingleton.java:265)
	at org.apache.velocity.app.Velocity.evaluate(Velocity.java:274)
	at org.sonatype.mavenbook.weather.WeatherFormatter.format(WeatherFormatter.java:21)
	at org.sonatype.mavenbook.weather.yahoo.WeatherFormatterTest.testFormat(WeatherFormatterTest.java:23)
	at sun.reflect.NativeMethodAccessorImpl.invoke0(Native Method)
	at sun.reflect.NativeMethodAccessorImpl.invoke(NativeMethodAccessorImpl.java:62)
	at sun.reflect.DelegatingMethodAccessorImpl.invoke(DelegatingMethodAccessorImpl.java:43)
	at java.lang.reflect.Method.invoke(Method.java:498)
	at junit.framework.TestCase.runTest(TestCase.java:154)
	at junit.framework.TestCase.runBare(TestCase.java:127)
	at junit.framework.TestResult$1.protect(TestResult.java:106)
	at junit.framework.TestResult.runProtected(TestResult.java:124)
	at junit.framework.TestResult.run(TestResult.java:109)
	at junit.framework.TestCase.run(TestCase.java:118)
	at junit.framework.TestSuite.runTest(TestSuite.java:208)
	at junit.framework.TestSuite.run(TestSuite.java:203)
	at sun.reflect.NativeMethodAccessorImpl.invoke0(Native Method)
	at sun.reflect.NativeMethodAccessorImpl.invoke(NativeMethodAccessorImpl.java:62)
	at sun.reflect.DelegatingMethodAccessorImpl.invoke(DelegatingMethodAccessorImpl.java:43)
	at java.lang.reflect.Method.invoke(Method.java:498)
	at org.apache.maven.surefire.junit.JUnitTestSet.execute(JUnitTestSet.java:95)
	at org.apache.maven.surefire.junit.JUnit3Provider.executeTestSet(JUnit3Provider.java:121)
	at org.apache.maven.surefire.junit.JUnit3Provider.invoke(JUnit3Provider.java:98)
	at sun.reflect.NativeMethodAccessorImpl.invoke0(Native Method)
	at sun.reflect.NativeMethodAccessorImpl.invoke(NativeMethodAccessorImpl.java:62)
	at sun.reflect.DelegatingMethodAccessorImpl.invoke(DelegatingMethodAccessorImpl.java:43)
	at java.lang.reflect.Method.invoke(Method.java:498)
	at org.apache.maven.surefire.util.ReflectionUtils.invokeMethodWithArray(ReflectionUtils.java:189)
	at org.apache.maven.surefire.booter.ProviderFactory$ProviderProxy.invoke(ProviderFactory.java:165)
	at org.apache.maven.surefire.booter.ProviderFactory.invokeProvider(ProviderFactory.java:85)
	at org.apache.maven.surefire.booter.ForkedBooter.runSuitesInProcess(ForkedBooter.java:115)
	at org.apache.maven.surefire.booter.ForkedBooter.main(ForkedBooter.java:75)
Caused by: java.lang.ClassNotFoundException: org.apache.log.format.Formatter
	at java.net.URLClassLoader.findClass(URLClassLoader.java:381)
	at java.lang.ClassLoader.loadClass(ClassLoader.java:424)
	at sun.misc.Launcher$AppClassLoader.loadClass(Launcher.java:335)
	at java.lang.ClassLoader.loadClass(ClassLoader.java:357)
	... 42 more
2017-09-17 14:48:11,542 - Trying to use logger class org.apache.velocity.runtime.log.Log4JLogChute
2017-09-17 14:48:11,542 - Using logger class org.apache.velocity.runtime.log.Log4JLogChute
2017-09-17 14:48:11,543 - Default ResourceManager initializing. (class org.apache.velocity.runtime.resource.ResourceManagerImpl)
2017-09-17 14:48:11,545 - ResourceLoader instantiated: org.apache.velocity.runtime.resource.loader.FileResourceLoader
2017-09-17 14:48:11,546 - Do unicode file recognition:  false
2017-09-17 14:48:11,546 - FileResourceLoader : adding path '.'
2017-09-17 14:48:11,560 - ResourceCache: initialized (class org.apache.velocity.runtime.resource.ResourceCacheImpl)
2017-09-17 14:48:11,560 - Loaded System Directive: org.apache.velocity.runtime.directive.Literal
2017-09-17 14:48:11,561 - Loaded System Directive: org.apache.velocity.runtime.directive.Macro
2017-09-17 14:48:11,562 - Loaded System Directive: org.apache.velocity.runtime.directive.Parse
2017-09-17 14:48:11,563 - Loaded System Directive: org.apache.velocity.runtime.directive.Include
2017-09-17 14:48:11,563 - Loaded System Directive: org.apache.velocity.runtime.directive.Foreach
2017-09-17 14:48:11,580 - Created '20' parsers.
2017-09-17 14:48:11,584 - Velocimacro : "velocimacro.library" is not set.  Trying default library: VM_global_library.vm
2017-09-17 14:48:11,585 - Velocimacro : Default library not found.
2017-09-17 14:48:11,585 - Velocimacro : allowInline = true : VMs can be defined inline in templates
2017-09-17 14:48:11,585 - Velocimacro : allowInlineToOverride = false : VMs defined inline may NOT replace previous VM definitions
2017-09-17 14:48:11,585 - Velocimacro : allowInlineLocal = false : VMs defined inline will be global in scope if allowed.
2017-09-17 14:48:11,585 - Velocimacro : autoload off : VM system will not automatically reload global library macros
2017-09-17 14:56:21,599 - Log4JLogChute initialized using file 'velocity.log'
2017-09-17 14:56:21,599 - Velocity was not initialized! Calling init()...
2017-09-17 14:56:21,599 - Starting Apache Velocity v1.5 (compiled: 2007-02-22 08:52:29)
2017-09-17 14:56:21,599 - Default Properties File: org/apache/velocity/runtime/defaults/velocity.properties
2017-09-17 14:56:21,599 - Trying to use logger class org.apache.velocity.runtime.log.AvalonLogChute
2017-09-17 14:56:21,601 - Couldn't find class org.apache.velocity.runtime.log.AvalonLogChute or necessary supporting classes in classpath.
java.lang.NoClassDefFoundError: org/apache/log/format/Formatter
	at java.lang.Class.forName0(Native Method)
	at java.lang.Class.forName(Class.java:348)
	at org.apache.velocity.util.ClassUtils.getClass(ClassUtils.java:63)
	at org.apache.velocity.util.ClassUtils.getNewInstance(ClassUtils.java:95)
	at org.apache.velocity.runtime.log.LogManager.createLogChute(LogManager.java:147)
	at org.apache.velocity.runtime.log.LogManager.updateLog(LogManager.java:208)
	at org.apache.velocity.runtime.RuntimeInstance.initializeLog(RuntimeInstance.java:728)
	at org.apache.velocity.runtime.RuntimeInstance.init(RuntimeInstance.java:240)
	at org.apache.velocity.runtime.RuntimeInstance.parse(RuntimeInstance.java:993)
	at org.apache.velocity.runtime.RuntimeInstance.parse(RuntimeInstance.java:972)
	at org.apache.velocity.runtime.RuntimeSingleton.parse(RuntimeSingleton.java:265)
	at org.apache.velocity.app.Velocity.evaluate(Velocity.java:274)
	at org.sonatype.mavenbook.weather.WeatherFormatter.format(WeatherFormatter.java:21)
	at org.sonatype.mavenbook.weather.yahoo.WeatherFormatterTest.testFormat(WeatherFormatterTest.java:23)
	at sun.reflect.NativeMethodAccessorImpl.invoke0(Native Method)
	at sun.reflect.NativeMethodAccessorImpl.invoke(NativeMethodAccessorImpl.java:62)
	at sun.reflect.DelegatingMethodAccessorImpl.invoke(DelegatingMethodAccessorImpl.java:43)
	at java.lang.reflect.Method.invoke(Method.java:498)
	at junit.framework.TestCase.runTest(TestCase.java:154)
	at junit.framework.TestCase.runBare(TestCase.java:127)
	at junit.framework.TestResult$1.protect(TestResult.java:106)
	at junit.framework.TestResult.runProtected(TestResult.java:124)
	at junit.framework.TestResult.run(TestResult.java:109)
	at junit.framework.TestCase.run(TestCase.java:118)
	at junit.framework.TestSuite.runTest(TestSuite.java:208)
	at junit.framework.TestSuite.run(TestSuite.java:203)
	at sun.reflect.NativeMethodAccessorImpl.invoke0(Native Method)
	at sun.reflect.NativeMethodAccessorImpl.invoke(NativeMethodAccessorImpl.java:62)
	at sun.reflect.DelegatingMethodAccessorImpl.invoke(DelegatingMethodAccessorImpl.java:43)
	at java.lang.reflect.Method.invoke(Method.java:498)
	at org.apache.maven.surefire.junit.JUnitTestSet.execute(JUnitTestSet.java:95)
	at org.apache.maven.surefire.junit.JUnit3Provider.executeTestSet(JUnit3Provider.java:121)
	at org.apache.maven.surefire.junit.JUnit3Provider.invoke(JUnit3Provider.java:98)
	at sun.reflect.NativeMethodAccessorImpl.invoke0(Native Method)
	at sun.reflect.NativeMethodAccessorImpl.invoke(NativeMethodAccessorImpl.java:62)
	at sun.reflect.DelegatingMethodAccessorImpl.invoke(DelegatingMethodAccessorImpl.java:43)
	at java.lang.reflect.Method.invoke(Method.java:498)
	at org.apache.maven.surefire.util.ReflectionUtils.invokeMethodWithArray(ReflectionUtils.java:189)
	at org.apache.maven.surefire.booter.ProviderFactory$ProviderProxy.invoke(ProviderFactory.java:165)
	at org.apache.maven.surefire.booter.ProviderFactory.invokeProvider(ProviderFactory.java:85)
	at org.apache.maven.surefire.booter.ForkedBooter.runSuitesInProcess(ForkedBooter.java:115)
	at org.apache.maven.surefire.booter.ForkedBooter.main(ForkedBooter.java:75)
Caused by: java.lang.ClassNotFoundException: org.apache.log.format.Formatter
	at java.net.URLClassLoader.findClass(URLClassLoader.java:381)
	at java.lang.ClassLoader.loadClass(ClassLoader.java:424)
	at sun.misc.Launcher$AppClassLoader.loadClass(Launcher.java:335)
	at java.lang.ClassLoader.loadClass(ClassLoader.java:357)
	... 42 more
2017-09-17 14:56:21,603 - Trying to use logger class org.apache.velocity.runtime.log.Log4JLogChute
2017-09-17 14:56:21,603 - Using logger class org.apache.velocity.runtime.log.Log4JLogChute
2017-09-17 14:56:21,605 - Default ResourceManager initializing. (class org.apache.velocity.runtime.resource.ResourceManagerImpl)
2017-09-17 14:56:21,609 - ResourceLoader instantiated: org.apache.velocity.runtime.resource.loader.FileResourceLoader
2017-09-17 14:56:21,610 - Do unicode file recognition:  false
2017-09-17 14:56:21,610 - FileResourceLoader : adding path '.'
2017-09-17 14:56:21,623 - ResourceCache: initialized (class org.apache.velocity.runtime.resource.ResourceCacheImpl)
2017-09-17 14:56:21,624 - Loaded System Directive: org.apache.velocity.runtime.directive.Literal
2017-09-17 14:56:21,625 - Loaded System Directive: org.apache.velocity.runtime.directive.Macro
2017-09-17 14:56:21,626 - Loaded System Directive: org.apache.velocity.runtime.directive.Parse
2017-09-17 14:56:21,627 - Loaded System Directive: org.apache.velocity.runtime.directive.Include
2017-09-17 14:56:21,628 - Loaded System Directive: org.apache.velocity.runtime.directive.Foreach
2017-09-17 14:56:21,651 - Created '20' parsers.
2017-09-17 14:56:21,659 - Velocimacro : "velocimacro.library" is not set.  Trying default library: VM_global_library.vm
2017-09-17 14:56:21,660 - Velocimacro : Default library not found.
2017-09-17 14:56:21,660 - Velocimacro : allowInline = true : VMs can be defined inline in templates
2017-09-17 14:56:21,660 - Velocimacro : allowInlineToOverride = false : VMs defined inline may NOT replace previous VM definitions
2017-09-17 14:56:21,660 - Velocimacro : allowInlineLocal = false : VMs defined inline will be global in scope if allowed.
2017-09-17 14:56:21,660 - Velocimacro : autoload off : VM system will not automatically reload global library macros
